2025-07-08T13:19:43.254Z  INFO 1 --- [account-service] [main] v.d.a.AccountServiceApplication          : Starting AccountServiceApplication v0.0.1-SNAPSHOT using Java 17.0.2 with PID 1 (/app/account-service-0.0.1-SNAPSHOT.jar started by root in /app)
2025-07-08T13:19:43.695Z  INFO 1 --- [account-service] [main] v.d.a.AccountServiceApplication          : No active profile set, falling back to 1 default profile: "default"
2025-07-08T13:19:44.858Z  INFO 1 --- [account-service] [main] o.s.c.c.c.ConfigServerConfigDataLoader   : Fetching config from server at : http://config-service:8763
2025-07-08T13:19:44.879Z  INFO 1 --- [account-service] [main] o.s.c.c.c.ConfigServerConfigDataLoader   : Exception on Url - http://config-service:8763:org.springframework.web.client.ResourceAccessException: I/O error on GET request for "http://config-service:8763/account-service/default": Connection refused. Will be trying the next url if available
2025-07-08T13:19:44.911Z  WARN 1 --- [account-service] [main] o.s.c.c.c.ConfigServerConfigDataLoader   : Could not locate PropertySource ([ConfigServerConfigDataResource@581d969c uris = array<String>['http://config-service:8763'], optional = true, profiles = 'default']): I/O error on GET request for "http://config-service:8763/account-service/default": Connection refused
2025-07-08T13:19:44.936Z  INFO 1 --- [account-service] [main] o.s.c.c.c.ConfigServerConfigDataLoader   : Fetching config from server at : http://config-service:8763
2025-07-08T13:19:44.955Z  INFO 1 --- [account-service] [main] o.s.c.c.c.ConfigServerConfigDataLoader   : Exception on Url - http://config-service:8763:org.springframework.web.client.ResourceAccessException: I/O error on GET request for "http://config-service:8763/account-service/default": Connection refused. Will be trying the next url if available
2025-07-08T13:19:44.958Z  WARN 1 --- [account-service] [main] o.s.c.c.c.ConfigServerConfigDataLoader   : Could not locate PropertySource ([ConfigServerConfigDataResource@c074c0c uris = array<String>['http://config-service:8763'], optional = true, profiles = 'default']): I/O error on GET request for "http://config-service:8763/account-service/default": Connection refused
2025-07-08T13:19:44.960Z  INFO 1 --- [account-service] [main] o.s.c.c.c.ConfigServerConfigDataLoader   : Fetching config from server at : http://config-service:8763
2025-07-08T13:19:44.974Z  INFO 1 --- [account-service] [main] o.s.c.c.c.ConfigServerConfigDataLoader   : Exception on Url - http://config-service:8763:org.springframework.web.client.ResourceAccessException: I/O error on GET request for "http://config-service:8763/account-service/default": Connection refused. Will be trying the next url if available
2025-07-08T13:19:44.993Z  WARN 1 --- [account-service] [main] o.s.c.c.c.ConfigServerConfigDataLoader   : Could not locate PropertySource ([ConfigServerConfigDataResource@58a55449 uris = array<String>['http://config-service:8763'], optional = true, profiles = 'default']): I/O error on GET request for "http://config-service:8763/account-service/default": Connection refused
2025-07-08T13:20:19.692Z  INFO 1 --- [account-service] [main] .s.d.r.c.RepositoryConfigurationDelegate : Bootstrapping Spring Data JPA repositories in DEFAULT mode.
2025-07-08T13:20:23.396Z  INFO 1 --- [account-service] [main] .s.d.r.c.RepositoryConfigurationDelegate : Finished Spring Data repository scanning in 3289 ms. Found 1 JPA repository interface.
2025-07-08T13:20:33.794Z  INFO 1 --- [account-service] [main] o.s.cloud.context.scope.GenericScope     : BeanFactory id=5cb6cf8c-79b2-3a8c-9e56-4477882e495b
2025-07-08T13:20:49.733Z  INFO 1 --- [account-service] [main] o.s.b.w.embedded.tomcat.TomcatWebServer  : Tomcat initialized with port 8081 (http)
2025-07-08T13:20:49.952Z  INFO 1 --- [account-service] [main] o.apache.catalina.core.StandardService   : Starting service [Tomcat]
2025-07-08T13:20:49.968Z  INFO 1 --- [account-service] [main] o.apache.catalina.core.StandardEngine    : Starting Servlet engine: [Apache Tomcat/10.1.41]
2025-07-08T13:20:50.775Z  INFO 1 --- [account-service] [main] o.a.c.c.C.[Tomcat].[localhost].[/]       : Initializing Spring embedded WebApplicationContext
2025-07-08T13:20:51.081Z  INFO 1 --- [account-service] [main] w.s.c.ServletWebServerApplicationContext : Root WebApplicationContext: initialization completed in 66052 ms
2025-07-08T13:21:00.632Z  INFO 1 --- [account-service] [main] com.zaxxer.hikari.HikariDataSource       : HikariPool-1 - Starting...
2025-07-08T13:21:05.743Z  INFO 1 --- [account-service] [main] com.zaxxer.hikari.pool.HikariPool        : HikariPool-1 - Added connection com.mysql.cj.jdbc.ConnectionImpl@4aba7617
2025-07-08T13:21:05.764Z  INFO 1 --- [account-service] [main] com.zaxxer.hikari.HikariDataSource       : HikariPool-1 - Start completed.
2025-07-08T13:21:06.428Z  INFO 1 --- [account-service] [main] o.hibernate.jpa.internal.util.LogHelper  : HHH000204: Processing PersistenceUnitInfo [name: default]
2025-07-08T13:21:08.280Z  INFO 1 --- [account-service] [main] org.hibernate.Version                    : HHH000412: Hibernate ORM core version 6.6.15.Final
2025-07-08T13:21:08.877Z  INFO 1 --- [account-service] [main] o.h.c.internal.RegionFactoryInitiator    : HHH000026: Second-level cache disabled
2025-07-08T13:21:12.081Z  INFO 1 --- [account-service] [main] o.s.o.j.p.SpringPersistenceUnitInfo      : No LoadTimeWeaver setup: ignoring JPA class transformer
2025-07-08T13:21:13.427Z  INFO 1 --- [account-service] [main] org.hibernate.orm.connections.pooling    : HHH10001005: Database info:
	Database JDBC URL [Connecting through datasource 'HikariDataSource (HikariPool-1)']
	Database driver: undefined/unknown
	Database version: 8.0.30
	Autocommit mode: undefined/unknown
	Isolation level: undefined/unknown
	Minimum pool size: undefined/unknown
	Maximum pool size: undefined/unknown
2025-07-08T13:21:20.845Z  INFO 1 --- [account-service] [main] o.h.e.t.j.p.i.JtaPlatformInitiator       : HHH000489: No JTA platform available (set 'hibernate.transaction.jta.platform' to enable JTA platform integration)
2025-07-08T13:21:20.897Z  INFO 1 --- [account-service] [main] j.LocalContainerEntityManagerFactoryBean : Initialized JPA EntityManagerFactory for persistence unit 'default'
2025-07-08T13:21:22.889Z  WARN 1 --- [account-service] [main] JpaBaseConfiguration$JpaWebConfiguration : spring.jpa.open-in-view is enabled by default. Therefore, database queries may be performed during view rendering. Explicitly configure spring.jpa.open-in-view to disable this warning
2025-07-08T13:21:26.857Z  INFO 1 --- [account-service] [main] DiscoveryClientOptionalArgsConfiguration : Eureka HTTP Client uses RestTemplate.
2025-07-08T13:21:27.218Z  WARN 1 --- [account-service] [main] iguration$LoadBalancerCaffeineWarnLogger : Spring Cloud LoadBalancer is currently working with the default cache. While this cache implementation is useful for development and tests, it's recommended to use Caffeine cache in production.You can switch to using Caffeine cache, by adding it and org.springframework.cache.caffeine.CaffeineCacheManager to the classpath.
2025-07-08T13:21:27.334Z  INFO 1 --- [account-service] [main] o.s.b.a.e.web.EndpointLinksResolver      : Exposing 1 endpoint beneath base path '/actuator'
2025-07-08T13:21:27.859Z  INFO 1 --- [account-service] [main] o.s.c.n.eureka.InstanceInfoFactory       : Setting initial instance status as: STARTING
2025-07-08T13:21:28.210Z  INFO 1 --- [account-service] [main] com.netflix.discovery.DiscoveryClient    : Initializing Eureka in region us-east-1
2025-07-08T13:21:28.263Z  INFO 1 --- [account-service] [main] c.n.d.s.r.aws.ConfigClusterResolver      : Resolving eureka endpoints via configuration
2025-07-08T13:21:28.317Z  INFO 1 --- [account-service] [main] com.netflix.discovery.DiscoveryClient    : Disable delta property : false
2025-07-08T13:21:28.323Z  INFO 1 --- [account-service] [main] com.netflix.discovery.DiscoveryClient    : Single vip registry refresh property : null
2025-07-08T13:21:28.328Z  INFO 1 --- [account-service] [main] com.netflix.discovery.DiscoveryClient    : Force full registry fetch : false
2025-07-08T13:21:28.335Z  INFO 1 --- [account-service] [main] com.netflix.discovery.DiscoveryClient    : Application is null : false
2025-07-08T13:21:28.339Z  INFO 1 --- [account-service] [main] com.netflix.discovery.DiscoveryClient    : Registered Applications size is zero : true
2025-07-08T13:21:28.350Z  INFO 1 --- [account-service] [main] com.netflix.discovery.DiscoveryClient    : Application version is -1: true
2025-07-08T13:21:28.360Z  INFO 1 --- [account-service] [main] com.netflix.discovery.DiscoveryClient    : Getting all instance registry info from the eureka server
2025-07-08T13:21:30.600Z  INFO 1 --- [account-service] [main] com.netflix.discovery.DiscoveryClient    : The response status is 200
2025-07-08T13:21:30.626Z  INFO 1 --- [account-service] [main] com.netflix.discovery.DiscoveryClient    : Starting heartbeat executor: renew interval is: 30
2025-07-08T13:21:30.662Z  INFO 1 --- [account-service] [main] c.n.discovery.InstanceInfoReplicator     : InstanceInfoReplicator onDemand update allowed rate per min is 4
2025-07-08T13:21:30.698Z  INFO 1 --- [account-service] [main] com.netflix.discovery.DiscoveryClient    : Discovery Client initialized at timestamp 1751980890696 with initial instances count: 3
2025-07-08T13:21:30.805Z  INFO 1 --- [account-service] [main] o.s.c.n.e.s.EurekaServiceRegistry        : Registering application ACCOUNT-SERVICE with eureka with status UP
2025-07-08T13:21:30.821Z  INFO 1 --- [account-service] [main] com.netflix.discovery.DiscoveryClient    : Saw local status change event StatusChangeEvent [timestamp=1751980890821, current=UP, previous=STARTING]
2025-07-08T13:21:30.870Z  INFO 1 --- [account-service] [DiscoveryClient-InstanceInfoReplicator-%d] com.netflix.discovery.DiscoveryClient    : DiscoveryClient_ACCOUNT-SERVICE/6102fd9cf940:account-service:8081: registering service...
2025-07-08T13:21:31.086Z  INFO 1 --- [account-service] [main] o.s.b.w.embedded.tomcat.TomcatWebServer  : Tomcat started on port 8081 (http) with context path '/'
2025-07-08T13:21:31.100Z  INFO 1 --- [account-service] [main] .s.c.n.e.s.EurekaAutoServiceRegistration : Updating port to 8081
2025-07-08T13:21:31.263Z  INFO 1 --- [account-service] [main] v.d.a.AccountServiceApplication          : Started AccountServiceApplication in 139.145 seconds (process running for 148.205)
2025-07-08T13:21:31.365Z  INFO 1 --- [account-service] [DiscoveryClient-InstanceInfoReplicator-%d] com.netflix.discovery.DiscoveryClient    : DiscoveryClient_ACCOUNT-SERVICE/6102fd9cf940:account-service:8081 - registration status: 204
2025-07-08T13:21:31.774Z  INFO 1 --- [account-service] [http-nio-8081-exec-1] o.a.c.c.C.[Tomcat].[localhost].[/]       : Initializing Spring DispatcherServlet 'dispatcherServlet'
2025-07-08T13:21:31.778Z  INFO 1 --- [account-service] [http-nio-8081-exec-1] o.s.web.servlet.DispatcherServlet        : Initializing Servlet 'dispatcherServlet'
2025-07-08T13:21:31.791Z  INFO 1 --- [account-service] [http-nio-8081-exec-1] o.s.web.servlet.DispatcherServlet        : Completed initialization in 10 ms
2025-07-08T13:26:28.347Z  INFO 1 --- [account-service] [AsyncResolver-bootstrap-executor-%d] c.n.d.s.r.aws.ConfigClusterResolver      : Resolving eureka endpoints via configuration
2025-07-08T13:30:29.580Z  INFO 1 --- [account-service] [http-nio-8081-exec-1] v.d.a.controller.AccountController       : Fetching list of accounts
2025-07-08T13:31:28.328Z  INFO 1 --- [account-service] [AsyncResolver-bootstrap-executor-%d] c.n.d.s.r.aws.ConfigClusterResolver      : Resolving eureka endpoints via configuration
2025-07-08T13:36:28.312Z  INFO 1 --- [account-service] [AsyncResolver-bootstrap-executor-%d] c.n.d.s.r.aws.ConfigClusterResolver      : Resolving eureka endpoints via configuration
2025-07-08T13:41:28.298Z  INFO 1 --- [account-service] [AsyncResolver-bootstrap-executor-%d] c.n.d.s.r.aws.ConfigClusterResolver      : Resolving eureka endpoints via configuration
2025-07-08T13:46:28.286Z  INFO 1 --- [account-service] [AsyncResolver-bootstrap-executor-%d] c.n.d.s.r.aws.ConfigClusterResolver      : Resolving eureka endpoints via configuration
2025-07-08T13:47:18.714Z  INFO 1 --- [account-service] [http-nio-8081-exec-10] v.d.a.controller.AccountController       : Fetching list of accounts
2025-07-08T13:48:32.448Z  INFO 1 --- [account-service] [http-nio-8081-exec-7] v.d.a.controller.AccountController       : Fetching list of accounts
2025-07-08T13:51:28.272Z  INFO 1 --- [account-service] [AsyncResolver-bootstrap-executor-%d] c.n.d.s.r.aws.ConfigClusterResolver      : Resolving eureka endpoints via configuration
2025-07-08T13:56:28.260Z  INFO 1 --- [account-service] [AsyncResolver-bootstrap-executor-%d] c.n.d.s.r.aws.ConfigClusterResolver      : Resolving eureka endpoints via configuration
2025-07-08T14:00:59.451Z  INFO 1 --- [account-service] [http-nio-8081-exec-10] v.d.a.controller.AccountController       : Fetching list of accounts
2025-07-08T14:01:28.248Z  INFO 1 --- [account-service] [AsyncResolver-bootstrap-executor-%d] c.n.d.s.r.aws.ConfigClusterResolver      : Resolving eureka endpoints via configuration
2025-07-08T14:03:55.076Z  INFO 1 --- [account-service] [http-nio-8081-exec-2] v.d.a.controller.AccountController       : Fetching list of accounts
2025-07-08T14:06:28.236Z  INFO 1 --- [account-service] [AsyncResolver-bootstrap-executor-%d] c.n.d.s.r.aws.ConfigClusterResolver      : Resolving eureka endpoints via configuration
2025-07-08T14:07:08.948Z  INFO 1 --- [account-service] [http-nio-8081-exec-7] v.d.a.controller.AccountController       : Fetching list of accounts
2025-07-08T14:11:28.217Z  INFO 1 --- [account-service] [AsyncResolver-bootstrap-executor-%d] c.n.d.s.r.aws.ConfigClusterResolver      : Resolving eureka endpoints via configuration
2025-07-08T14:18:29.253Z  INFO 1 --- [account-service] [main] v.d.a.AccountServiceApplication          : Starting AccountServiceApplication v0.0.1-SNAPSHOT using Java 17.0.2 with PID 1 (/app/account-service-0.0.1-SNAPSHOT.jar started by root in /app)
2025-07-08T14:18:29.374Z  INFO 1 --- [account-service] [main] v.d.a.AccountServiceApplication          : No active profile set, falling back to 1 default profile: "default"
2025-07-08T14:18:30.611Z  INFO 1 --- [account-service] [main] o.s.c.c.c.ConfigServerConfigDataLoader   : Fetching config from server at : http://config-service:8763
2025-07-08T14:18:30.630Z  INFO 1 --- [account-service] [main] o.s.c.c.c.ConfigServerConfigDataLoader   : Exception on Url - http://config-service:8763:org.springframework.web.client.ResourceAccessException: I/O error on GET request for "http://config-service:8763/account-service/default": Connection refused. Will be trying the next url if available
2025-07-08T14:18:30.642Z  WARN 1 --- [account-service] [main] o.s.c.c.c.ConfigServerConfigDataLoader   : Could not locate PropertySource ([ConfigServerConfigDataResource@581d969c uris = array<String>['http://config-service:8763'], optional = true, profiles = 'default']): I/O error on GET request for "http://config-service:8763/account-service/default": Connection refused
2025-07-08T14:18:30.704Z  INFO 1 --- [account-service] [main] o.s.c.c.c.ConfigServerConfigDataLoader   : Fetching config from server at : http://config-service:8763
2025-07-08T14:18:30.718Z  INFO 1 --- [account-service] [main] o.s.c.c.c.ConfigServerConfigDataLoader   : Exception on Url - http://config-service:8763:org.springframework.web.client.ResourceAccessException: I/O error on GET request for "http://config-service:8763/account-service/default": Connection refused. Will be trying the next url if available
2025-07-08T14:18:30.734Z  WARN 1 --- [account-service] [main] o.s.c.c.c.ConfigServerConfigDataLoader   : Could not locate PropertySource ([ConfigServerConfigDataResource@c074c0c uris = array<String>['http://config-service:8763'], optional = true, profiles = 'default']): I/O error on GET request for "http://config-service:8763/account-service/default": Connection refused
2025-07-08T14:18:30.787Z  INFO 1 --- [account-service] [main] o.s.c.c.c.ConfigServerConfigDataLoader   : Fetching config from server at : http://config-service:8763
2025-07-08T14:18:30.804Z  INFO 1 --- [account-service] [main] o.s.c.c.c.ConfigServerConfigDataLoader   : Exception on Url - http://config-service:8763:org.springframework.web.client.ResourceAccessException: I/O error on GET request for "http://config-service:8763/account-service/default": Connection refused. Will be trying the next url if available
2025-07-08T14:18:30.827Z  WARN 1 --- [account-service] [main] o.s.c.c.c.ConfigServerConfigDataLoader   : Could not locate PropertySource ([ConfigServerConfigDataResource@58a55449 uris = array<String>['http://config-service:8763'], optional = true, profiles = 'default']): I/O error on GET request for "http://config-service:8763/account-service/default": Connection refused
2025-07-08T14:18:54.514Z  INFO 1 --- [account-service] [main] .s.d.r.c.RepositoryConfigurationDelegate : Bootstrapping Spring Data JPA repositories in DEFAULT mode.
2025-07-08T14:18:58.612Z  INFO 1 --- [account-service] [main] .s.d.r.c.RepositoryConfigurationDelegate : Finished Spring Data repository scanning in 3596 ms. Found 1 JPA repository interface.
2025-07-08T14:19:08.195Z  INFO 1 --- [account-service] [main] o.s.cloud.context.scope.GenericScope     : BeanFactory id=5cb6cf8c-79b2-3a8c-9e56-4477882e495b
2025-07-08T14:19:17.068Z  INFO 1 --- [account-service] [main] o.s.b.w.embedded.tomcat.TomcatWebServer  : Tomcat initialized with port 8081 (http)
2025-07-08T14:19:17.381Z  INFO 1 --- [account-service] [main] o.apache.catalina.core.StandardService   : Starting service [Tomcat]
2025-07-08T14:19:17.410Z  INFO 1 --- [account-service] [main] o.apache.catalina.core.StandardEngine    : Starting Servlet engine: [Apache Tomcat/10.1.41]
2025-07-08T14:19:18.363Z  INFO 1 --- [account-service] [main] o.a.c.c.C.[Tomcat].[localhost].[/]       : Initializing Spring embedded WebApplicationContext
2025-07-08T14:19:18.377Z  INFO 1 --- [account-service] [main] w.s.c.ServletWebServerApplicationContext : Root WebApplicationContext: initialization completed in 47522 ms
2025-07-08T14:19:25.042Z  INFO 1 --- [account-service] [main] com.zaxxer.hikari.HikariDataSource       : HikariPool-1 - Starting...
2025-07-08T14:19:32.782Z  INFO 1 --- [account-service] [main] com.zaxxer.hikari.pool.HikariPool        : HikariPool-1 - Added connection com.mysql.cj.jdbc.ConnectionImpl@5d8fd077
2025-07-08T14:19:32.929Z  INFO 1 --- [account-service] [main] com.zaxxer.hikari.HikariDataSource       : HikariPool-1 - Start completed.
2025-07-08T14:19:34.049Z  INFO 1 --- [account-service] [main] o.hibernate.jpa.internal.util.LogHelper  : HHH000204: Processing PersistenceUnitInfo [name: default]
2025-07-08T14:19:36.626Z  INFO 1 --- [account-service] [main] org.hibernate.Version                    : HHH000412: Hibernate ORM core version 6.6.15.Final
2025-07-08T14:19:37.024Z  INFO 1 --- [account-service] [main] o.h.c.internal.RegionFactoryInitiator    : HHH000026: Second-level cache disabled
2025-07-08T14:19:40.487Z  INFO 1 --- [account-service] [main] o.s.o.j.p.SpringPersistenceUnitInfo      : No LoadTimeWeaver setup: ignoring JPA class transformer
2025-07-08T14:19:41.351Z  INFO 1 --- [account-service] [main] org.hibernate.orm.connections.pooling    : HHH10001005: Database info:
	Database JDBC URL [Connecting through datasource 'HikariDataSource (HikariPool-1)']
	Database driver: undefined/unknown
	Database version: 8.0.30
	Autocommit mode: undefined/unknown
	Isolation level: undefined/unknown
	Minimum pool size: undefined/unknown
	Maximum pool size: undefined/unknown
2025-07-08T14:19:47.392Z  INFO 1 --- [account-service] [main] o.h.e.t.j.p.i.JtaPlatformInitiator       : HHH000489: No JTA platform available (set 'hibernate.transaction.jta.platform' to enable JTA platform integration)
2025-07-08T14:19:47.410Z  INFO 1 --- [account-service] [main] j.LocalContainerEntityManagerFactoryBean : Initialized JPA EntityManagerFactory for persistence unit 'default'
2025-07-08T14:19:49.513Z  WARN 1 --- [account-service] [main] JpaBaseConfiguration$JpaWebConfiguration : spring.jpa.open-in-view is enabled by default. Therefore, database queries may be performed during view rendering. Explicitly configure spring.jpa.open-in-view to disable this warning
2025-07-08T14:19:51.964Z  INFO 1 --- [account-service] [main] DiscoveryClientOptionalArgsConfiguration : Eureka HTTP Client uses RestTemplate.
2025-07-08T14:19:52.139Z  WARN 1 --- [account-service] [main] iguration$LoadBalancerCaffeineWarnLogger : Spring Cloud LoadBalancer is currently working with the default cache. While this cache implementation is useful for development and tests, it's recommended to use Caffeine cache in production.You can switch to using Caffeine cache, by adding it and org.springframework.cache.caffeine.CaffeineCacheManager to the classpath.
2025-07-08T14:19:52.183Z  INFO 1 --- [account-service] [main] o.s.b.a.e.web.EndpointLinksResolver      : Exposing 1 endpoint beneath base path '/actuator'
2025-07-08T14:19:52.547Z  INFO 1 --- [account-service] [main] o.s.c.n.eureka.InstanceInfoFactory       : Setting initial instance status as: STARTING
2025-07-08T14:19:52.675Z  INFO 1 --- [account-service] [main] com.netflix.discovery.DiscoveryClient    : Initializing Eureka in region us-east-1
2025-07-08T14:19:52.696Z  INFO 1 --- [account-service] [main] c.n.d.s.r.aws.ConfigClusterResolver      : Resolving eureka endpoints via configuration
2025-07-08T14:19:52.745Z  INFO 1 --- [account-service] [main] com.netflix.discovery.DiscoveryClient    : Disable delta property : false
2025-07-08T14:19:52.749Z  INFO 1 --- [account-service] [main] com.netflix.discovery.DiscoveryClient    : Single vip registry refresh property : null
2025-07-08T14:19:52.751Z  INFO 1 --- [account-service] [main] com.netflix.discovery.DiscoveryClient    : Force full registry fetch : false
2025-07-08T14:19:52.753Z  INFO 1 --- [account-service] [main] com.netflix.discovery.DiscoveryClient    : Application is null : false
2025-07-08T14:19:52.754Z  INFO 1 --- [account-service] [main] com.netflix.discovery.DiscoveryClient    : Registered Applications size is zero : true
2025-07-08T14:19:52.755Z  INFO 1 --- [account-service] [main] com.netflix.discovery.DiscoveryClient    : Application version is -1: true
2025-07-08T14:19:52.756Z  INFO 1 --- [account-service] [main] com.netflix.discovery.DiscoveryClient    : Getting all instance registry info from the eureka server
2025-07-08T14:19:54.060Z  INFO 1 --- [account-service] [main] com.netflix.discovery.DiscoveryClient    : The response status is 200
2025-07-08T14:19:54.067Z  INFO 1 --- [account-service] [main] com.netflix.discovery.DiscoveryClient    : Starting heartbeat executor: renew interval is: 30
2025-07-08T14:19:54.083Z  INFO 1 --- [account-service] [main] c.n.discovery.InstanceInfoReplicator     : InstanceInfoReplicator onDemand update allowed rate per min is 4
2025-07-08T14:19:54.090Z  INFO 1 --- [account-service] [main] com.netflix.discovery.DiscoveryClient    : Discovery Client initialized at timestamp 1751984394088 with initial instances count: 0
2025-07-08T14:19:54.104Z  INFO 1 --- [account-service] [main] o.s.c.n.e.s.EurekaServiceRegistry        : Registering application ACCOUNT-SERVICE with eureka with status UP
2025-07-08T14:19:54.117Z  INFO 1 --- [account-service] [main] com.netflix.discovery.DiscoveryClient    : Saw local status change event StatusChangeEvent [timestamp=1751984394117, current=UP, previous=STARTING]
2025-07-08T14:19:54.126Z  INFO 1 --- [account-service] [DiscoveryClient-InstanceInfoReplicator-%d] com.netflix.discovery.DiscoveryClient    : DiscoveryClient_ACCOUNT-SERVICE/ccfb7a55e23f:account-service:8081: registering service...
2025-07-08T14:19:54.219Z  INFO 1 --- [account-service] [main] o.s.b.w.embedded.tomcat.TomcatWebServer  : Tomcat started on port 8081 (http) with context path '/'
2025-07-08T14:19:54.225Z  INFO 1 --- [account-service] [main] .s.c.n.e.s.EurekaAutoServiceRegistration : Updating port to 8081
2025-07-08T14:19:54.325Z  INFO 1 --- [account-service] [main] v.d.a.AccountServiceApplication          : Started AccountServiceApplication in 108.915 seconds (process running for 126.773)
2025-07-08T14:19:54.353Z  INFO 1 --- [account-service] [DiscoveryClient-InstanceInfoReplicator-%d] com.netflix.discovery.DiscoveryClient    : DiscoveryClient_ACCOUNT-SERVICE/ccfb7a55e23f:account-service:8081 - registration status: 204
2025-07-08T14:19:56.773Z  INFO 1 --- [account-service] [http-nio-8081-exec-3] o.a.c.c.C.[Tomcat].[localhost].[/]       : Initializing Spring DispatcherServlet 'dispatcherServlet'
2025-07-08T14:19:56.777Z  INFO 1 --- [account-service] [http-nio-8081-exec-3] o.s.web.servlet.DispatcherServlet        : Initializing Servlet 'dispatcherServlet'
2025-07-08T14:19:56.789Z  INFO 1 --- [account-service] [http-nio-8081-exec-3] o.s.web.servlet.DispatcherServlet        : Completed initialization in 9 ms
2025-07-08T14:20:24.071Z  INFO 1 --- [account-service] [DiscoveryClient-CacheRefreshExecutor-%d] com.netflix.discovery.DiscoveryClient    : Disable delta property : false
2025-07-08T14:20:24.073Z  INFO 1 --- [account-service] [DiscoveryClient-CacheRefreshExecutor-%d] com.netflix.discovery.DiscoveryClient    : Single vip registry refresh property : null
2025-07-08T14:20:24.074Z  INFO 1 --- [account-service] [DiscoveryClient-CacheRefreshExecutor-%d] com.netflix.discovery.DiscoveryClient    : Force full registry fetch : false
2025-07-08T14:20:24.091Z  INFO 1 --- [account-service] [DiscoveryClient-CacheRefreshExecutor-%d] com.netflix.discovery.DiscoveryClient    : Application is null : false
2025-07-08T14:20:24.092Z  INFO 1 --- [account-service] [DiscoveryClient-CacheRefreshExecutor-%d] com.netflix.discovery.DiscoveryClient    : Registered Applications size is zero : true
2025-07-08T14:20:24.096Z  INFO 1 --- [account-service] [DiscoveryClient-CacheRefreshExecutor-%d] com.netflix.discovery.DiscoveryClient    : Application version is -1: false
2025-07-08T14:20:24.097Z  INFO 1 --- [account-service] [DiscoveryClient-CacheRefreshExecutor-%d] com.netflix.discovery.DiscoveryClient    : Getting all instance registry info from the eureka server
2025-07-08T14:20:24.162Z  INFO 1 --- [account-service] [DiscoveryClient-CacheRefreshExecutor-%d] com.netflix.discovery.DiscoveryClient    : The response status is 200
2025-07-08T14:21:42.944Z  INFO 1 --- [account-service] [http-nio-8081-exec-8] v.d.a.controller.AccountController       : Fetching list of accounts
2025-07-08T14:24:08.814Z  INFO 1 --- [account-service] [http-nio-8081-exec-9] v.d.a.controller.AccountController       : Fetching list of accounts
2025-07-08T14:24:52.757Z  INFO 1 --- [account-service] [AsyncResolver-bootstrap-executor-%d] c.n.d.s.r.aws.ConfigClusterResolver      : Resolving eureka endpoints via configuration
2025-07-08T14:29:52.744Z  INFO 1 --- [account-service] [AsyncResolver-bootstrap-executor-%d] c.n.d.s.r.aws.ConfigClusterResolver      : Resolving eureka endpoints via configuration
2025-07-08T14:32:55.599Z  INFO 1 --- [account-service] [SpringApplicationShutdownHook] o.s.c.n.e.s.EurekaServiceRegistry        : Unregistering application ACCOUNT-SERVICE with eureka with status DOWN
2025-07-08T14:32:55.607Z  INFO 1 --- [account-service] [SpringApplicationShutdownHook] com.netflix.discovery.DiscoveryClient    : Saw local status change event StatusChangeEvent [timestamp=1751985175607, current=DOWN, previous=UP]
2025-07-08T14:32:55.612Z  INFO 1 --- [account-service] [DiscoveryClient-InstanceInfoReplicator-%d] com.netflix.discovery.DiscoveryClient    : DiscoveryClient_ACCOUNT-SERVICE/ccfb7a55e23f:account-service:8081: registering service...
2025-07-08T14:32:55.659Z  INFO 1 --- [account-service] [DiscoveryClient-InstanceInfoReplicator-%d] com.netflix.discovery.DiscoveryClient    : DiscoveryClient_ACCOUNT-SERVICE/ccfb7a55e23f:account-service:8081 - registration status: 204
2025-07-08T14:32:55.682Z  INFO 1 --- [account-service] [SpringApplicationShutdownHook] o.s.b.w.e.tomcat.GracefulShutdown        : Commencing graceful shutdown. Waiting for active requests to complete
2025-07-08T14:32:55.715Z  INFO 1 --- [account-service] [tomcat-shutdown] o.s.b.w.e.tomcat.GracefulShutdown        : Graceful shutdown complete
2025-07-08T14:32:55.764Z  INFO 1 --- [account-service] [SpringApplicationShutdownHook] j.LocalContainerEntityManagerFactoryBean : Closing JPA EntityManagerFactory for persistence unit 'default'
2025-07-08T14:32:55.808Z  INFO 1 --- [account-service] [SpringApplicationShutdownHook] com.zaxxer.hikari.HikariDataSource       : HikariPool-1 - Shutdown initiated...
2025-07-08T14:32:55.911Z  INFO 1 --- [account-service] [SpringApplicationShutdownHook] com.zaxxer.hikari.HikariDataSource       : HikariPool-1 - Shutdown completed.
2025-07-08T14:32:55.920Z  INFO 1 --- [account-service] [SpringApplicationShutdownHook] com.netflix.discovery.DiscoveryClient    : Shutting down DiscoveryClient ...
2025-07-08T14:32:58.924Z  INFO 1 --- [account-service] [SpringApplicationShutdownHook] com.netflix.discovery.DiscoveryClient    : Unregistering ...
2025-07-08T14:32:58.945Z  INFO 1 --- [account-service] [SpringApplicationShutdownHook] com.netflix.discovery.DiscoveryClient    : DiscoveryClient_ACCOUNT-SERVICE/ccfb7a55e23f:account-service:8081 - deregister  status: 200
2025-07-08T14:32:58.949Z  INFO 1 --- [account-service] [SpringApplicationShutdownHook] com.netflix.discovery.DiscoveryClient    : Completed shut down of DiscoveryClient
